<?xml version="1.0" encoding="UTF-8"?>
<!-- Generated by org.testng.reporters.JUnitReportReporter -->
<testsuite hostname="LIN-5CG0148J7S" failures="0" tests="2" name="Restdayfour.ParsingJSONResponsedata" time="3.281" errors="0" timestamp="2024-07-11T13:35:50 IST" skipped="1">
  <testcase classname="Restdayfour.ParsingJSONResponsedata" name="testJsonResponseBodyData" time="3.281"/>
  <testcase classname="Restdayfour.ParsingJSONResponsedata" name="testJsonResponse">
    <skipped/>
  </testcase> <!-- testJsonResponse -->
</testsuite> <!-- Restdayfour.ParsingJSONResponsedata -->
