<?xml version="1.0" encoding="UTF-8"?>
<!-- Generated by org.testng.reporters.JUnitReportReporter -->
<testsuite hostname="LIN-5CG0148J7S" failures="0" tests="1" name="restdaythree.TestCoockiesandHeader" time="3.884" errors="0" timestamp="2024-07-10T14:05:40 IST" skipped="0">
  <testcase classname="restdaythree.TestCoockiesandHeader" name="getCookies" time="3.884"/>
</testsuite> <!-- restdaythree.TestCoockiesandHeader -->
