<?xml version="1.0" encoding="UTF-8"?>
<!-- Generated by org.testng.reporters.JUnitReportReporter -->
<testsuite hostname="LIN-5CG0148J7S" failures="0" tests="1" name="restdayeight.DeleteUserClass" time="0.034" errors="0" timestamp="2024-07-29T11:39:33 IST" skipped="0">
  <testcase classname="restdayeight.DeleteUserClass" name="testDeleteUser" time="0.034"/>
</testsuite> <!-- restdayeight.DeleteUserClass -->
