<?xml version="1.0" encoding="UTF-8"?>
<!-- Generated by org.testng.reporters.JUnitReportReporter -->
<testsuite hostname="LIN-5CG0148J7S" failures="0" tests="1" name="restdaysix.JSONXMLSchemaValidation" time="3.062" errors="0" timestamp="2024-07-16T15:34:45 IST" skipped="0">
  <testcase classname="restdaysix.JSONXMLSchemaValidation" name="TestJSONSchema" time="3.062"/>
</testsuite> <!-- restdaysix.JSONXMLSchemaValidation -->
