<?xml version="1.0" encoding="UTF-8"?>
<!-- Generated by org.testng.reporters.JUnitReportReporter -->
<testsuite hostname="LIN-5CG0148J7S" failures="0" tests="1" name="restdaythree.PathandQueryParameters" time="3.458" errors="0" timestamp="2024-07-09T16:24:04 IST" skipped="0">
  <testcase classname="restdaythree.PathandQueryParameters" name="testQueryandPathParameters" time="3.458"/>
</testsuite> <!-- restdaythree.PathandQueryParameters -->
