<?xml version="1.0" encoding="UTF-8"?>
<!-- Generated by org.testng.reporters.JUnitReportReporter -->
<testsuite hostname="LIN-5CG0148J7S" failures="0" tests="1" name="resrdaysecond.WaystocreateBody" time="3.007" errors="0" timestamp="2024-07-09T14:59:37 IST" skipped="0">
  <testcase classname="resrdaysecond.WaystocreateBody" name="testPostusingExternalJsonFile" time="3.007"/>
</testsuite> <!-- resrdaysecond.WaystocreateBody -->
