<?xml version="1.0" encoding="UTF-8"?>
<!-- Generated by org.testng.reporters.JUnitReportReporter -->
<testsuite hostname="LIN-5CG0148J7S" failures="0" tests="1" name="restdaythree.TestHeaderClass" time="4.361" errors="0" timestamp="2024-07-10T14:38:29 IST" skipped="0">
  <testcase classname="restdaythree.TestHeaderClass" name="testHeader" time="4.361"/>
</testsuite> <!-- restdaythree.TestHeaderClass -->
