<?xml version="1.0" encoding="UTF-8"?>
<!-- Generated by org.testng.reporters.JUnitReportReporter -->
<testsuite hostname="LIN-5CG0148J7S" failures="0" tests="1" name="restdaythree.LoggingClass" time="4.338" errors="0" timestamp="2024-07-10T14:45:44 IST" skipped="0">
  <testcase classname="restdaythree.LoggingClass" name="testLogs" time="4.338"/>
</testsuite> <!-- restdaythree.LoggingClass -->
