<?xml version="1.0" encoding="UTF-8"?>
<!-- Generated by org.testng.reporters.JUnitReportReporter -->
<testsuite hostname="LIN-5CG0148J7S" failures="0" tests="1" name="resydayfive.ParsingXMLResponse" time="2.421" errors="0" timestamp="2024-07-11T17:20:05 IST" skipped="0">
  <testcase classname="resydayfive.ParsingXMLResponse" name="testXMLResponseBody" time="2.421"/>
</testsuite> <!-- resydayfive.ParsingXMLResponse -->
