<?xml version="1.0" encoding="UTF-8"?>
<!-- Generated by org.testng.reporters.JUnitReportReporter -->
<testsuite hostname="LIN-5CG0148J7S" failures="0" tests="4" name="restdayfirst.HTTPRequest" time="8.563" errors="0" timestamp="2024-07-09T11:24:48 IST" skipped="0">
  <testcase classname="restdayfirst.HTTPRequest" name="getUsers" time="4.314"/>
  <testcase classname="restdayfirst.HTTPRequest" name="createUser" time="1.599"/>
  <testcase classname="restdayfirst.HTTPRequest" name="updateUser" time="1.010"/>
  <testcase classname="restdayfirst.HTTPRequest" name="deleteUser" time="1.640"/>
</testsuite> <!-- restdayfirst.HTTPRequest -->
